0 info it worked if it ends with ok
1 verbose cli [ 'node',
1 verbose cli   '/usr/local/bin/npm',
1 verbose cli   'install',
1 verbose cli   'luis-almeida/unveil',
1 verbose cli   '--save' ]
2 info using npm@1.4.23
3 info using node@v0.10.31
4 warn package.json division-project@0.1.1 No repository field.
5 verbose readDependencies using package.json deps
6 verbose cache add [ 'luis-almeida/unveil', null ]
7 verbose cache add name=undefined spec="luis-almeida/unveil" args=["luis-almeida/unveil",null]
8 verbose parsed url { protocol: null,
8 verbose parsed url   slashes: null,
8 verbose parsed url   auth: null,
8 verbose parsed url   host: null,
8 verbose parsed url   port: null,
8 verbose parsed url   hostname: null,
8 verbose parsed url   hash: null,
8 verbose parsed url   search: null,
8 verbose parsed url   query: null,
8 verbose parsed url   pathname: 'luis-almeida/unveil',
8 verbose parsed url   path: 'luis-almeida/unveil',
8 verbose parsed url   href: 'luis-almeida/unveil' }
9 silly lockFile a7659616-luis-almeida-unveil luis-almeida/unveil
10 verbose lock luis-almeida/unveil /Users/jonathansolis/.npm/a7659616-luis-almeida-unveil.lock
11 info maybeGithub Attempting luis-almeida/unveil from git://github.com/luis-almeida/unveil
12 silly lockFile 7f015778-t-github-com-luis-almeida-unveil git://github.com/luis-almeida/unveil
13 verbose lock git://github.com/luis-almeida/unveil /Users/jonathansolis/.npm/7f015778-t-github-com-luis-almeida-unveil.lock
14 verbose addRemoteGit [ 'git://github.com/luis-almeida/unveil', 'master' ]
15 verbose git clone git://github.com/luis-almeida/unveil Cloning into bare repository '/Users/jonathansolis/.npm/_git-remotes/git-github-com-luis-almeida-unveil-7f015778'...
16 verbose git fetch -a origin (git://github.com/luis-almeida/unveil)
17 verbose git rev-list -n1 master ea75702bb75e5a12a47c2607ff3f5ce2a8f83ae4
18 verbose resolved git url git://github.com/luis-almeida/unveil#ea75702bb75e5a12a47c2607ff3f5ce2a8f83ae4
19 verbose tar unpack /var/folders/7t/1_hjh48s41l2s9kryv93y_th0000gq/T/npm-94301-Stbb7dqT/1421955844383-0.057154260808601975/tmp.tgz
20 silly lockFile 30ef2498-57154260808601975-tmp-tgz-unpack tar:///var/folders/7t/1_hjh48s41l2s9kryv93y_th0000gq/T/npm-94301-Stbb7dqT/1421955844383-0.057154260808601975/tmp.tgz-unpack
21 verbose lock tar:///var/folders/7t/1_hjh48s41l2s9kryv93y_th0000gq/T/npm-94301-Stbb7dqT/1421955844383-0.057154260808601975/tmp.tgz-unpack /Users/jonathansolis/.npm/30ef2498-57154260808601975-tmp-tgz-unpack.lock
22 silly lockFile f93b3093-383-0-057154260808601975-tmp-tgz tar:///var/folders/7t/1_hjh48s41l2s9kryv93y_th0000gq/T/npm-94301-Stbb7dqT/1421955844383-0.057154260808601975/tmp.tgz
23 verbose lock tar:///var/folders/7t/1_hjh48s41l2s9kryv93y_th0000gq/T/npm-94301-Stbb7dqT/1421955844383-0.057154260808601975/tmp.tgz /Users/jonathansolis/.npm/f93b3093-383-0-057154260808601975-tmp-tgz.lock
24 silly gunzTarPerm modes [ '755', '644' ]
25 silly gunzTarPerm extractEntry
26 silly gunzTarPerm modified mode [ '', 509, 493 ]
27 silly gunzTarPerm extractEntry .gitignore
28 silly gunzTarPerm modified mode [ '.gitignore', 436, 420 ]
29 silly gunzTarPerm extractEntry README.md
30 silly gunzTarPerm modified mode [ 'README.md', 436, 420 ]
31 silly gunzTarPerm extractEntry bower.json
32 silly gunzTarPerm modified mode [ 'bower.json', 436, 420 ]
33 silly gunzTarPerm extractEntry index.html
34 silly gunzTarPerm modified mode [ 'index.html', 436, 420 ]
35 silly gunzTarPerm extractEntry jquery.unveil.js
36 silly gunzTarPerm modified mode [ 'jquery.unveil.js', 436, 420 ]
37 silly lockFile 30ef2498-57154260808601975-tmp-tgz-unpack tar:///var/folders/7t/1_hjh48s41l2s9kryv93y_th0000gq/T/npm-94301-Stbb7dqT/1421955844383-0.057154260808601975/tmp.tgz-unpack
38 silly lockFile 30ef2498-57154260808601975-tmp-tgz-unpack tar:///var/folders/7t/1_hjh48s41l2s9kryv93y_th0000gq/T/npm-94301-Stbb7dqT/1421955844383-0.057154260808601975/tmp.tgz-unpack
39 silly lockFile f93b3093-383-0-057154260808601975-tmp-tgz tar:///var/folders/7t/1_hjh48s41l2s9kryv93y_th0000gq/T/npm-94301-Stbb7dqT/1421955844383-0.057154260808601975/tmp.tgz
40 silly lockFile f93b3093-383-0-057154260808601975-tmp-tgz tar:///var/folders/7t/1_hjh48s41l2s9kryv93y_th0000gq/T/npm-94301-Stbb7dqT/1421955844383-0.057154260808601975/tmp.tgz
41 silly lockFile 7f015778-t-github-com-luis-almeida-unveil git://github.com/luis-almeida/unveil
42 silly lockFile 7f015778-t-github-com-luis-almeida-unveil git://github.com/luis-almeida/unveil
43 info maybeGithub Attempting luis-almeida/unveil from git+ssh://git@github.com:luis-almeida/unveil
44 silly lockFile 3c589fa5-t-github-com-luis-almeida-unveil git@github.com:luis-almeida/unveil
45 verbose lock git@github.com:luis-almeida/unveil /Users/jonathansolis/.npm/3c589fa5-t-github-com-luis-almeida-unveil.lock
46 verbose addRemoteGit [ 'git@github.com:luis-almeida/unveil', 'master' ]
47 error git clone git@github.com:luis-almeida/unveil Cloning into bare repository '/Users/jonathansolis/.npm/_git-remotes/git-github-com-luis-almeida-unveil-3c589fa5'...
47 error git clone git@github.com:luis-almeida/unveil Permission denied (publickey).
47 error git clone git@github.com:luis-almeida/unveil fatal: Could not read from remote repository.
47 error git clone git@github.com:luis-almeida/unveil
47 error git clone git@github.com:luis-almeida/unveil Please make sure you have the correct access rights
47 error git clone git@github.com:luis-almeida/unveil and the repository exists.
48 silly lockFile 3c589fa5-t-github-com-luis-almeida-unveil git@github.com:luis-almeida/unveil
49 silly lockFile 3c589fa5-t-github-com-luis-almeida-unveil git@github.com:luis-almeida/unveil
50 silly lockFile a7659616-luis-almeida-unveil luis-almeida/unveil
51 silly lockFile a7659616-luis-almeida-unveil luis-almeida/unveil
52 error addLocal Could not install luis-almeida/unveil
53 error Error: ENOENT, stat 'luis-almeida/unveil'
54 error If you need help, you may report this *entire* log,
54 error including the npm and node versions, at:
54 error     <http://github.com/npm/npm/issues>
55 error System Darwin 14.0.0
56 error command "node" "/usr/local/bin/npm" "install" "luis-almeida/unveil" "--save"
57 error cwd /Users/jonathansolis/Sites/river-run/cfo-project
58 error node -v v0.10.31
59 error npm -v 1.4.23
60 error path luis-almeida/unveil
61 error code ENOENT
62 error errno 34
63 verbose exit [ 34, true ]
